<?xml version="1.0" encoding="UTF-8"?>
<testng-results skipped="1" failed="0" ignored="0" total="1" passed="0">
  <reporter-output>
  </reporter-output>
  <suite name="BDD Test Suite" duration-ms="478" started-at="2020-07-03T19:16:30 EDT" finished-at="2020-07-03T19:16:30 EDT">
    <groups>
      <group name="cucumber">
        <method signature="testRunner.feature(cucumber.api.testng.CucumberFeatureWrapper)[pri:0, instance:com.boston.runner.testRunner@370736d9]" name="feature" class="com.boston.runner.testRunner"/>
      </group> <!-- cucumber -->
    </groups>
    <test name="Login Profile Test" duration-ms="478" started-at="2020-07-03T19:16:30 EDT" finished-at="2020-07-03T19:16:30 EDT">
      <class name="com.boston.runner.testRunner">
        <test-method status="PASS" signature="setUpClass()[pri:0, instance:com.boston.runner.testRunner@370736d9]" name="setUpClass" is-config="true" duration-ms="313" started-at="2020-07-03T19:16:30 EDT" finished-at="2020-07-03T19:16:30 EDT">
          <reporter-output>
          </reporter-output>
        </test-method> <!-- setUpClass -->
        <test-method status="SKIP" signature="feature(cucumber.api.testng.CucumberFeatureWrapper)[pri:0, instance:com.boston.runner.testRunner@370736d9]" name="feature" duration-ms="0" started-at="2020-07-03T19:16:30 EDT" description="Runs Cucumber Feature" data-provider="Features" finished-at="2020-07-03T19:16:30 EDT">
          <exception class="java.lang.RuntimeException">
            <message>
              <![CDATA[java.lang.IllegalArgumentException: Not a file or directory: /Users/mdsalahuddin/eclipse-EE/MavenNewProject/src/mvn/resources/Features]]>
            </message>
            <full-stacktrace>
              <![CDATA[java.lang.RuntimeException: java.lang.IllegalArgumentException: Not a file or directory: /Users/mdsalahuddin/eclipse-EE/MavenNewProject/src/mvn/resources/Features
at org.testng.internal.MethodInvocationHelper.invokeMethodNoCheckedException(MethodInvocationHelper.java:50)
at org.testng.internal.MethodInvocationHelper.invokeDataProvider(MethodInvocationHelper.java:146)
at org.testng.internal.Parameters.handleParameters(Parameters.java:820)
at org.testng.internal.Parameters.handleParameters(Parameters.java:762)
at org.testng.internal.ParameterHandler.handleParameters(ParameterHandler.java:60)
at org.testng.internal.ParameterHandler.createParameters(ParameterHandler.java:39)
at org.testng.internal.TestInvoker$MethodInvocationAgent.invoke(TestInvoker.java:771)
at org.testng.internal.TestInvoker.invokeTestMethods(TestInvoker.java:145)
at org.testng.internal.TestMethodWorker.invokeTestMethods(TestMethodWorker.java:146)
at org.testng.internal.TestMethodWorker.run(TestMethodWorker.java:128)
at java.util.ArrayList.forEach(ArrayList.java:1257)
at org.testng.TestRunner.privateRun(TestRunner.java:770)
at org.testng.TestRunner.run(TestRunner.java:591)
at org.testng.SuiteRunner.runTest(SuiteRunner.java:402)
at org.testng.SuiteRunner.access$000(SuiteRunner.java:41)
at org.testng.SuiteRunner$SuiteWorker.run(SuiteRunner.java:443)
at org.testng.internal.thread.ThreadUtil.lambda$execute$0(ThreadUtil.java:67)
at java.util.concurrent.FutureTask.run(FutureTask.java:266)
at java.util.concurrent.ThreadPoolExecutor.runWorker(ThreadPoolExecutor.java:1149)
at java.util.concurrent.ThreadPoolExecutor$Worker.run(ThreadPoolExecutor.java:624)
at java.lang.Thread.run(Thread.java:748)
Caused by: java.lang.IllegalArgumentException: Not a file or directory: /Users/mdsalahuddin/eclipse-EE/MavenNewProject/src/mvn/resources/Features
at cucumber.runtime.io.FileResourceIterator$FileIterator.<init>(FileResourceIterator.java:54)
at cucumber.runtime.io.FileResourceIterator.<init>(FileResourceIterator.java:20)
at cucumber.runtime.io.FileResourceIterable.iterator(FileResourceIterable.java:19)
at cucumber.runtime.model.CucumberFeature.loadFromFeaturePath(CucumberFeature.java:103)
at cucumber.runtime.model.CucumberFeature.load(CucumberFeature.java:54)
at cucumber.runtime.model.CucumberFeature.load(CucumberFeature.java:34)
at cucumber.runtime.RuntimeOptions.cucumberFeatures(RuntimeOptions.java:239)
at cucumber.api.testng.TestNGCucumberRunner.getFeatures(TestNGCucumberRunner.java:85)
at cucumber.api.testng.TestNGCucumberRunner.provideFeatures(TestNGCucumberRunner.java:94)
at com.boston.runner.testRunner.Features(testRunner.java:39)
at sun.reflect.NativeMethodAccessorImpl.invoke0(Native Method)
at sun.reflect.NativeMethodAccessorImpl.invoke(NativeMethodAccessorImpl.java:62)
at sun.reflect.DelegatingMethodAccessorImpl.invoke(DelegatingMethodAccessorImpl.java:43)
at java.lang.reflect.Method.invoke(Method.java:498)
at org.testng.internal.MethodInvocationHelper.invokeMethod(MethodInvocationHelper.java:133)
at org.testng.internal.MethodInvocationHelper.invokeMethod(MethodInvocationHelper.java:77)
at org.testng.internal.MethodInvocationHelper.invokeMethodNoCheckedException(MethodInvocationHelper.java:46)
... 20 more
]]>
            </full-stacktrace>
          </exception> <!-- java.lang.RuntimeException -->
          <reporter-output>
          </reporter-output>
        </test-method> <!-- feature -->
        <test-method status="PASS" signature="tearDownClass()[pri:0, instance:com.boston.runner.testRunner@370736d9]" name="tearDownClass" is-config="true" duration-ms="122" started-at="2020-07-03T19:16:30 EDT" finished-at="2020-07-03T19:16:30 EDT">
          <reporter-output>
          </reporter-output>
        </test-method> <!-- tearDownClass -->
      </class> <!-- com.boston.runner.testRunner -->
    </test> <!-- Login Profile Test -->
  </suite> <!-- BDD Test Suite -->
</testng-results>
